<?xml version="1.0" encoding="UTF-8"?>
<!-- Generated by org.testng.reporters.JUnitReportReporter -->
<testsuite skipped="0" hostname="Venkatesh" name="resources.excelData" tests="1" failures="0" timestamp="2021-02-19T17:04:28 IST" time="1.000" errors="0">
  <testcase name="dataDriven" time="1.000" classname="resources.excelData"/>
  <system-out/>
</testsuite> <!-- resources.excelData -->
