<?xml version="1.0" encoding="UTF-8"?>
<!-- Generated by org.testng.reporters.JUnitReportReporter -->
<testsuite skipped="0" hostname="Venkatesh" name="scriptBasics.mouseMove" tests="2" failures="0" timestamp="2021-02-17T20:05:39 IST" time="0.028" errors="0">
  <testcase name="s1" time="0.017" classname="scriptBasics.mouseMove"/>
  <system-out/>
  <testcase name="streamS2" time="0.011" classname="scriptBasics.mouseMove"/>
  <system-out/>
</testsuite> <!-- scriptBasics.mouseMove -->
