<?xml version="1.0" encoding="UTF-8"?>
<!-- Generated by org.testng.reporters.JUnitReportReporter -->
<testsuite skipped="0" hostname="Venkatesh" name="Sel2021Pro.lensesTestCaseOne" tests="2" failures="0" timestamp="2021-02-22T12:10:03 IST" time="17.972" errors="0">
  <testcase name="login" time="3.188" classname="Sel2021Pro.lensesTestCaseOne"/>
  <system-out/>
  <testcase name="login" time="14.784" classname="Sel2021Pro.lensesTestCaseOne"/>
  <system-out/>
</testsuite> <!-- Sel2021Pro.lensesTestCaseOne -->
