<?xml version="1.0" encoding="UTF-8"?>
<!-- Generated by org.testng.reporters.JUnitReportReporter -->
<testsuite skipped="0" hostname="Venkatesh" name="Sel2021Pro.loginThroughExcel" tests="1" failures="0" timestamp="2021-02-19T17:58:00 IST" time="5.973" errors="0">
  <testcase name="loginTest" time="5.973" classname="Sel2021Pro.loginThroughExcel"/>
  <system-out/>
</testsuite> <!-- Sel2021Pro.loginThroughExcel -->
