<?xml version="1.0" encoding="UTF-8"?>
<!-- Generated by org.testng.reporters.JUnitReportReporter -->
<testsuite skipped="0" hostname="Venkatesh" name="Sel2021Pro.lensesTestCaseOne_DBSQL" tests="2" failures="0" timestamp="2021-02-24T20:01:18 IST" time="89.112" errors="0">
  <testcase name="login" time="79.613" classname="Sel2021Pro.lensesTestCaseOne_DBSQL"/>
  <system-out/>
  <testcase name="login" time="9.499" classname="Sel2021Pro.lensesTestCaseOne_DBSQL"/>
  <system-out/>
</testsuite> <!-- Sel2021Pro.lensesTestCaseOne_DBSQL -->
