<?xml version="1.0" encoding="UTF-8"?>
<!-- Generated by org.testng.reporters.JUnitReportReporter -->
<testsuite skipped="0" hostname="Venkatesh" name="Sel2021Pro.lensesTestCaseOne" tests="2" failures="0" timestamp="2021-02-24T20:01:18 IST" time="86.891" errors="0">
  <testcase name="login" time="66.620" classname="Sel2021Pro.lensesTestCaseOne"/>
  <system-out/>
  <testcase name="login" time="20.271" classname="Sel2021Pro.lensesTestCaseOne"/>
  <system-out/>
</testsuite> <!-- Sel2021Pro.lensesTestCaseOne -->
