<?xml version="1.0" encoding="UTF-8"?>
<!-- Generated by org.testng.reporters.JUnitReportReporter -->
<testsuite skipped="0" hostname="Venkatesh" name="Sel2021Pro.DBConnectionMySql" tests="1" failures="0" timestamp="2021-02-08T17:16:21 IST" time="1.444" errors="0">
  <testcase name="mySQL" time="1.444" classname="Sel2021Pro.DBConnectionMySql"/>
  <system-out/>
</testsuite> <!-- Sel2021Pro.DBConnectionMySql -->
