<?xml version="1.0" encoding="UTF-8"?>
<!-- Generated by org.testng.reporters.JUnitReportReporter -->
<testsuite skipped="0" hostname="Venkatesh" name="Sel2021Pro.LoginPage" tests="2" failures="0" timestamp="2021-02-08T17:16:21 IST" time="8.420" errors="0">
  <testcase name="login" time="5.849" classname="Sel2021Pro.LoginPage"/>
  <system-out/>
  <testcase name="login" time="2.571" classname="Sel2021Pro.LoginPage"/>
  <system-out/>
</testsuite> <!-- Sel2021Pro.LoginPage -->
